{"level":"error","message":"Fri Jul 19 2024 17:54:21 GMT+0500 (Pakistan Standard Time)-{\"name\":\"Data Not found\",\"statusCode\":500,\"isOperational\":true}","private":true}
{"level":"error","message":"Fri Jul 19 2024 17:54:36 GMT+0500 (Pakistan Standard Time)-{\"name\":\"Data Not found\",\"statusCode\":500,\"isOperational\":true}","private":true}
{"level":"error","message":"Fri Jul 19 2024 17:54:45 GMT+0500 (Pakistan Standard Time)-{\"name\":\"Data Not found\",\"statusCode\":500,\"isOperational\":true}","private":true}
{"level":"error","message":"Fri Jul 19 2024 17:54:50 GMT+0500 (Pakistan Standard Time)-{\"name\":\"Data Not found\",\"statusCode\":500,\"isOperational\":true}","private":true}
{"level":"error","message":"Fri Jul 19 2024 17:54:53 GMT+0500 (Pakistan Standard Time)-{\"name\":\"Data Not found\",\"statusCode\":500,\"isOperational\":true}","private":true}
{"level":"error","message":"Sat Jul 20 2024 15:02:32 GMT+0500 (Pakistan Standard Time)-{\"name\":\"Data Not found\",\"statusCode\":{\"name\":\"usesr account already exits\",\"statusCode\":402,\"isOperational\":true},\"isOperational\":true}","private":true}
{"level":"error","message":"Sat Jul 20 2024 15:03:12 GMT+0500 (Pakistan Standard Time)-{\"name\":\"Data Not found\",\"statusCode\":{\"name\":\"usesr account already exits\",\"statusCode\":402,\"isOperational\":true},\"isOperational\":true}","private":true}
{"level":"error","message":"Sat Jul 20 2024 15:04:17 GMT+0500 (Pakistan Standard Time)-{\"name\":\"Data Not found\",\"statusCode\":{\"name\":\"usesr account already exits\",\"statusCode\":500,\"isOperational\":true},\"isOperational\":true}","private":true}
{"level":"error","message":"Sat Jul 20 2024 15:05:21 GMT+0500 (Pakistan Standard Time)-{}","private":true}
{"level":"error","message":"Sat Jul 20 2024 15:06:46 GMT+0500 (Pakistan Standard Time)-{\"name\":\"Data Not found\",\"statusCode\":{},\"isOperational\":true}","private":true}
{"level":"error","message":"Sat Jul 20 2024 15:07:47 GMT+0500 (Pakistan Standard Time)-{\"name\":\"Data Not found\",\"statusCode\":{\"name\":\"user account already exits\",\"statusCode\":500,\"isOperational\":true},\"isOperational\":true}","private":true}
{"level":"error","message":"Sat Jul 20 2024 15:12:10 GMT+0500 (Pakistan Standard Time)-{\"name\":\"Data Not found\",\"statusCode\":{\"name\":\"user account already exits\",\"statusCode\":500,\"isOperational\":true},\"isOperational\":true}","private":true}
{"level":"error","message":"Sat Jul 20 2024 15:13:55 GMT+0500 (Pakistan Standard Time)-{\"name\":\"Data Not found\",\"statusCode\":{},\"isOperational\":true}","private":true}
{"level":"error","message":"Sat Jul 20 2024 15:16:20 GMT+0500 (Pakistan Standard Time)-{\"name\":\"Data Not found\",\"statusCode\":{},\"isOperational\":true}","private":true}
{"level":"error","message":"Sat Jul 20 2024 15:16:43 GMT+0500 (Pakistan Standard Time)-{\"name\":\"Data Not found\",\"statusCode\":{},\"isOperational\":true}","private":true}
{"level":"error","message":"Sat Jul 20 2024 15:20:16 GMT+0500 (Pakistan Standard Time)-{\"name\":\"Data Not found\",\"statusCode\":{\"name\":\"NOT FOUND\",\"statusCode\":400,\"isOperational\":true,\"errorStack\":false},\"isOperational\":true}","private":true}
{"level":"error","message":"Sat Jul 20 2024 15:20:58 GMT+0500 (Pakistan Standard Time)-{}","private":true}
{"level":"error","message":"Sat Jul 20 2024 15:21:14 GMT+0500 (Pakistan Standard Time)-{\"name\":\"NOT FOUND\",\"statusCode\":400,\"isOperational\":true,\"errorStack\":false}","private":true}
{"level":"error","message":"Sat Jul 20 2024 19:59:28 GMT+0500 (Pakistan Standard Time)-{\"name\":\"NOT FOUND\",\"statusCode\":400,\"isOperational\":true,\"errorStack\":false}","private":true}
{"level":"error","message":"Sat Jul 20 2024 19:59:40 GMT+0500 (Pakistan Standard Time)-{\"name\":\"NOT FOUND\",\"statusCode\":400,\"isOperational\":true,\"errorStack\":false}","private":true}
{"level":"error","message":"Sat Jul 20 2024 19:59:42 GMT+0500 (Pakistan Standard Time)-{\"name\":\"NOT FOUND\",\"statusCode\":400,\"isOperational\":true,\"errorStack\":false}","private":true}
{"level":"error","message":"Sat Jul 20 2024 19:59:43 GMT+0500 (Pakistan Standard Time)-{\"name\":\"NOT FOUND\",\"statusCode\":400,\"isOperational\":true,\"errorStack\":false}","private":true}
{"level":"error","message":"Sat Jul 20 2024 19:59:43 GMT+0500 (Pakistan Standard Time)-{\"name\":\"NOT FOUND\",\"statusCode\":400,\"isOperational\":true,\"errorStack\":false}","private":true}
{"level":"error","message":"Sat Jul 20 2024 20:03:46 GMT+0500 (Pakistan Standard Time)-{\"name\":\"NOT FOUND\",\"statusCode\":400,\"isOperational\":true,\"errorStack\":false}","private":true}
{"level":"error","message":"Sun Jul 21 2024 12:51:24 GMT+0500 (Pakistan Standard Time)-{\"name\":\"Data Not found\",\"statusCode\":{},\"isOperational\":true}","private":true}
{"level":"error","message":"Sun Jul 21 2024 12:56:23 GMT+0500 (Pakistan Standard Time)-{\"name\":\"Data Not found\",\"statusCode\":{},\"isOperational\":true}","private":true}
{"level":"error","message":"Sun Jul 21 2024 12:59:15 GMT+0500 (Pakistan Standard Time)-{\"name\":\"Data Not found\",\"statusCode\":{},\"isOperational\":true}","private":true}
{"level":"error","message":"Sun Jul 21 2024 13:07:31 GMT+0500 (Pakistan Standard Time)-{\"name\":\"Data Not found\",\"statusCode\":{},\"isOperational\":true}","private":true}
{"level":"error","message":"Sun Jul 21 2024 13:12:03 GMT+0500 (Pakistan Standard Time)-{\"name\":\"Data Not found\",\"statusCode\":{\"name\":\"API Error\",\"statusCode\":500,\"isOperational\":true},\"isOperational\":true}","private":true}
{"level":"error","message":"Sun Jul 21 2024 13:12:18 GMT+0500 (Pakistan Standard Time)-{\"name\":\"Data Not found\",\"statusCode\":{\"name\":\"API Error\",\"statusCode\":500,\"isOperational\":true},\"isOperational\":true}","private":true}
{"level":"error","message":"Sun Jul 21 2024 13:15:09 GMT+0500 (Pakistan Standard Time)-{\"name\":\"Data Not found\",\"statusCode\":{\"name\":\"API Error\",\"statusCode\":500,\"isOperational\":true},\"isOperational\":true}","private":true}
